#
# A fatal error has been detected by the Java Runtime Environment:
#
#  EXCEPTION_ACCESS_VIOLATION (0xc0000005) at pc=0x8000d400, pid=10176, tid=0x00002914
#
# JRE version: Java(TM) SE Runtime Environment (8.0_201-b09) (build 1.8.0_201-b09)
# Java VM: Java HotSpot(TM) Client VM (25.201-b09 mixed mode, sharing windows-x86 )
# Problematic frame:
# C  0x8000d400
#
# Failed to write core dump. Minidumps are not enabled by default on client versions of Windows
#
# If you would like to submit a bug report, please visit:
#   http://bugreport.java.com/bugreport/crash.jsp
# The crash happened outside the Java Virtual Machine in native code.
# See problematic frame for where to report the bug.
#

---------------  T H R E A D  ---------------

Current thread (0x0072d000):  JavaThread "main" [_thread_in_native, id=10516, stack(0x02980000,0x029d0000)]

siginfo: ExceptionCode=0xc0000005, ExceptionInformation=0x00000008 0x8000d400

Registers:
EAX=0x0013f9d0, EBX=0x0072d000, ECX=0x00133f38, EDX=0x0072d140
ESP=0x029cde1c, EBP=0x029cde38, ESI=0x00133f38, EDI=0x0072d000
EIP=0x8000d400, EFLAGS=0x00010212

Top of Stack: (sp=0x029cde1c)
0x029cde1c:   52863f07 0072d000 00133f38 0072d000
0x029cde2c:   00000000 0054840f 3d800000 029cde68
0x029cde3c:   02a83221 0072d140 029cde50 00133f38
0x029cde4c:   0072d000 09f71240 029cde68 00b98410
0x029cde5c:   80000001 09f71240 02a831a0 029cdebc
0x029cde6c:   02a83b30 00133f38 0072d000 029cde98
0x029cde7c:   00b73ba8 00000000 00b736b0 029cdebc
0x029cde8c:   029d47c4 029cdebc 029d47c4 09f71240 

Instructions: (pc=0x8000d400)
0x8000d3e0:   
[error occurred during error reporting (printing registers, top of stack, instructions near pc), id 0xc0000005]

Register to memory mapping:

EAX=0x0013f9d0 is an unknown value
EBX=0x0072d000 is a thread
ECX=0x00133f38 is an unknown value
EDX=0x0072d140 is an unknown value
ESP=0x029cde1c is pointing into the stack for thread: 0x0072d000
EBP=0x029cde38 is pointing into the stack for thread: 0x0072d000
ESI=0x00133f38 is an unknown value
EDI=0x0072d000 is a thread


Stack: [0x02980000,0x029d0000],  sp=0x029cde1c,  free space=311k
Native frames: (J=compiled Java code, j=interpreted, Vv=VM code, C=native code)
C  0x8000d400
J 60  bwapi.Game.self_native(J)Lbwapi/Player; (0 bytes) @ 0x02a83221 [0x02a83190+0x91]
J 59 C1 bwapi.Game.self()Lbwapi/Player; (9 bytes) @ 0x02a83b30 [0x02a83b00+0x30]
j  vlasile.Vlasile.onStart()V+12
j  bwapi.AIModule.onStart()V+11
v  ~StubRoutines::call_stub
V  [jvm.dll+0x15c215]
V  [jvm.dll+0x22512e]
V  [jvm.dll+0x15c2ae]
V  [jvm.dll+0xddb7b]
V  [jvm.dll+0xe0b0c]
C  [bwapi_bridge2_5.dll+0x1b20d]
C  [bwapi_bridge2_5.dll+0x750d3]
j  bwapi.Mirror.startGame()V+0
j  vlasile.Vlasile.run()V+13
j  vlasile.Main.main([Ljava/lang/String;)V+9
v  ~StubRoutines::call_stub
V  [jvm.dll+0x15c215]
V  [jvm.dll+0x22512e]
V  [jvm.dll+0x15c2ae]
V  [jvm.dll+0xdd947]
V  [jvm.dll+0xe5edf]
C  [javaw.exe+0x2373]
C  [javaw.exe+0xb05f]
C  [javaw.exe+0xb0e9]
C  [KERNEL32.DLL+0x18494]
C  [ntdll.dll+0x641c8]
C  [ntdll.dll+0x64198]
C  0x00000000

Java frames: (J=compiled Java code, j=interpreted, Vv=VM code)
J 60  bwapi.Game.self_native(J)Lbwapi/Player; (0 bytes) @ 0x02a831dd [0x02a83190+0x4d]
J 59 C1 bwapi.Game.self()Lbwapi/Player; (9 bytes) @ 0x02a83b30 [0x02a83b00+0x30]
j  vlasile.Vlasile.onStart()V+12
j  bwapi.AIModule.onStart()V+11
v  ~StubRoutines::call_stub
j  bwapi.Mirror.startGame()V+0
j  vlasile.Vlasile.run()V+13
j  vlasile.Main.main([Ljava/lang/String;)V+9
v  ~StubRoutines::call_stub

---------------  P R O C E S S  ---------------

Java Threads: ( => current thread )
  0x0088a000 JavaThread "Service Thread" daemon [_thread_blocked, id=1348, stack(0x14da0000,0x14df0000)]
  0x00873800 JavaThread "C1 CompilerThread0" daemon [_thread_blocked, id=10068, stack(0x14d10000,0x14d60000)]
  0x00872c00 JavaThread "Attach Listener" daemon [_thread_blocked, id=12128, stack(0x14c80000,0x14cd0000)]
  0x0086f000 JavaThread "Signal Dispatcher" daemon [_thread_blocked, id=5716, stack(0x14bf0000,0x14c40000)]
  0x00864800 JavaThread "Finalizer" daemon [_thread_blocked, id=8584, stack(0x14b60000,0x14bb0000)]
  0x00806800 JavaThread "Reference Handler" daemon [_thread_blocked, id=14596, stack(0x14ad0000,0x14b20000)]
=>0x0072d000 JavaThread "main" [_thread_in_native, id=10516, stack(0x02980000,0x029d0000)]

Other Threads:
  0x00803c00 VMThread [stack: 0x14a40000,0x14a90000] [id=10612]
  0x008a8800 WatcherThread [stack: 0x14e30000,0x14e80000] [id=11192]

VM state:not at safepoint (normal execution)

VM Mutex/Monitor currently owned by a thread: None

Heap:
 def new generation   total 4928K, used 1245K [0x04a00000, 0x04f50000, 0x09f50000)
  eden space 4416K,  28% used [0x04a00000, 0x04b351f8, 0x04e50000)
  from space 512K,   1% used [0x04e50000, 0x04e52508, 0x04ed0000)
  to   space 512K,   0% used [0x04ed0000, 0x04ed0000, 0x04f50000)
 tenured generation   total 10944K, used 402K [0x09f50000, 0x0aa00000, 0x14a00000)
   the space 10944K,   3% used [0x09f50000, 0x09fb4a78, 0x09fb4c00, 0x0aa00000)
 Metaspace       used 454K, capacity 2632K, committed 2752K, reserved 4480K

Card table byte_map: [0x00730000,0x007c0000] byte_map_base: 0x0070b000

Polling page: 0x00090000

CodeCache: size=32768Kb used=843Kb max_used=843Kb free=31924Kb
 bounds [0x029d0000, 0x02aa8000, 0x049d0000]
 total_blobs=313 nmethods=166 adapters=78
 compilation: enabled

Compilation events (10 events):
Event: 89.222 Thread 0x00873800  161             java.lang.RuntimeException::<init> (5 bytes)
Event: 89.223 Thread 0x00873800 nmethod 161 0x02aa1a88 code [0x02aa1b90, 0x02aa1c5c]
Event: 89.223 Thread 0x00873800  162             java.lang.Exception::<init> (5 bytes)
Event: 89.223 Thread 0x00873800 nmethod 162 0x02aa1d08 code [0x02aa1e10, 0x02aa208c]
Event: 89.269 Thread 0x00873800  163             java.lang.NullPointerException::<init> (5 bytes)
Event: 89.269 Thread 0x00873800 nmethod 163 0x02aa2188 code [0x02aa2280, 0x02aa230c]
Event: 91.316 Thread 0x00873800  164  s          java.lang.Throwable::fillInStackTrace (29 bytes)
Event: 91.317 Thread 0x00873800 nmethod 164 0x02aa2608 code [0x02aa2710, 0x02aa291c]
Event: 92.520 Thread 0x00873800  166             java.lang.Throwable::<init> (29 bytes)
Event: 92.520 Thread 0x00873800 nmethod 166 0x02aa29c8 code [0x02aa2ad0, 0x02aa2d4c]

GC Heap History (4 events):
Event: 24.392 GC heap before
{Heap before GC invocations=0 (full 0):
 def new generation   total 4928K, used 4416K [0x04a00000, 0x04f50000, 0x09f50000)
  eden space 4416K, 100% used [0x04a00000, 0x04e50000, 0x04e50000)
  from space 512K,   0% used [0x04e50000, 0x04e50000, 0x04ed0000)
  to   space 512K,   0% used [0x04ed0000, 0x04ed0000, 0x04f50000)
 tenured generation   total 10944K, used 0K [0x09f50000, 0x0aa00000, 0x14a00000)
   the space 10944K,   0% used [0x09f50000, 0x09f50000, 0x09f50200, 0x0aa00000)
 Metaspace       used 441K, capacity 2632K, committed 2752K, reserved 4480K
Event: 24.393 GC heap after
Heap after GC invocations=1 (full 0):
 def new generation   total 4928K, used 495K [0x04a00000, 0x04f50000, 0x09f50000)
  eden space 4416K,   0% used [0x04a00000, 0x04a00000, 0x04e50000)
  from space 512K,  96% used [0x04ed0000, 0x04f4bc90, 0x04f50000)
  to   space 512K,   0% used [0x04e50000, 0x04e50000, 0x04ed0000)
 tenured generation   total 10944K, used 48K [0x09f50000, 0x0aa00000, 0x14a00000)
   the space 10944K,   0% used [0x09f50000, 0x09f5c270, 0x09f5c400, 0x0aa00000)
 Metaspace       used 441K, capacity 2632K, committed 2752K, reserved 4480K
}
Event: 88.133 GC heap before
{Heap before GC invocations=1 (full 0):
 def new generation   total 4928K, used 4911K [0x04a00000, 0x04f50000, 0x09f50000)
  eden space 4416K, 100% used [0x04a00000, 0x04e50000, 0x04e50000)
  from space 512K,  96% used [0x04ed0000, 0x04f4bc90, 0x04f50000)
  to   space 512K,   0% used [0x04e50000, 0x04e50000, 0x04ed0000)
 tenured generation   total 10944K, used 48K [0x09f50000, 0x0aa00000, 0x14a00000)
   the space 10944K,   0% used [0x09f50000, 0x09f5c270, 0x09f5c400, 0x0aa00000)
 Metaspace       used 454K, capacity 2632K, committed 2752K, reserved 4480K
Event: 88.134 GC heap after
Heap after GC invocations=2 (full 0):
 def new generation   total 4928K, used 9K [0x04a00000, 0x04f50000, 0x09f50000)
  eden space 4416K,   0% used [0x04a00000, 0x04a00000, 0x04e50000)
  from space 512K,   1% used [0x04e50000, 0x04e52508, 0x04ed0000)
  to   space 512K,   0% used [0x04ed0000, 0x04ed0000, 0x04f50000)
 tenured generation   total 10944K, used 402K [0x09f50000, 0x0aa00000, 0x14a00000)
   the space 10944K,   3% used [0x09f50000, 0x09fb4a78, 0x09fb4c00, 0x0aa00000)
 Metaspace       used 454K, capacity 2632K, committed 2752K, reserved 4480K
}

Deoptimization events (0 events):
No events

Classes redefined (0 events):
No events

Internal exceptions (10 events):
Event: 124.927 Thread 0x0072d000 Implicit null exception at 0x02a866db to 0x02a87577
Event: 124.927 Thread 0x0072d000 Exception <a 'java/lang/NullPointerException'> (0x04b23150) thrown at [C:\re\workspace\8-2-build-windows-i586-cygwin\jdk8u201\12322\hotspot\src\share\vm\runtime\sharedRuntime.cpp, line 605]
Event: 124.973 Thread 0x0072d000 Implicit null exception at 0x02a866db to 0x02a87577
Event: 124.973 Thread 0x0072d000 Exception <a 'java/lang/NullPointerException'> (0x04b237a0) thrown at [C:\re\workspace\8-2-build-windows-i586-cygwin\jdk8u201\12322\hotspot\src\share\vm\runtime\sharedRuntime.cpp, line 605]
Event: 125.020 Thread 0x0072d000 Implicit null exception at 0x02a866db to 0x02a87577
Event: 125.020 Thread 0x0072d000 Exception <a 'java/lang/NullPointerException'> (0x04b23df0) thrown at [C:\re\workspace\8-2-build-windows-i586-cygwin\jdk8u201\12322\hotspot\src\share\vm\runtime\sharedRuntime.cpp, line 605]
Event: 125.067 Thread 0x0072d000 Implicit null exception at 0x02a866db to 0x02a87577
Event: 125.067 Thread 0x0072d000 Exception <a 'java/lang/NullPointerException'> (0x04b24440) thrown at [C:\re\workspace\8-2-build-windows-i586-cygwin\jdk8u201\12322\hotspot\src\share\vm\runtime\sharedRuntime.cpp, line 605]
Event: 125.127 Thread 0x0072d000 Implicit null exception at 0x02a866db to 0x02a87577
Event: 125.127 Thread 0x0072d000 Exception <a 'java/lang/NullPointerException'> (0x04b24a90) thrown at [C:\re\workspace\8-2-build-windows-i586-cygwin\jdk8u201\12322\hotspot\src\share\vm\runtime\sharedRuntime.cpp, line 605]

Events (10 events):
Event: 56.316 loading class vlasile/enemy/EnemyBuildingInfo
Event: 56.316 loading class vlasile/enemy/EnemyBuildingInfo done
Event: 88.133 Executing VM operation: GenCollectForAllocation
Event: 88.134 Executing VM operation: GenCollectForAllocation done
Event: 88.134 Executing VM operation: RevokeBias
Event: 88.134 Executing VM operation: RevokeBias done
Event: 88.134 Executing VM operation: RevokeBias
Event: 88.134 Executing VM operation: RevokeBias done
Event: 88.134 Executing VM operation: RevokeBias
Event: 88.134 Executing VM operation: RevokeBias done


Dynamic libraries:
0x01130000 - 0x01163000 	C:\Program Files (x86)\Java\jre1.8.0_201\bin\javaw.exe
0x77490000 - 0x77620000 	C:\WINDOWS\SYSTEM32\ntdll.dll
0x77070000 - 0x77150000 	C:\WINDOWS\System32\KERNEL32.DLL
0x77150000 - 0x77334000 	C:\WINDOWS\System32\KERNELBASE.dll
0x750f0000 - 0x75168000 	C:\WINDOWS\System32\ADVAPI32.dll
0x74dd0000 - 0x74e8f000 	C:\WINDOWS\System32\msvcrt.dll
0x748a0000 - 0x748e4000 	C:\WINDOWS\System32\sechost.dll
0x73f40000 - 0x74000000 	C:\WINDOWS\System32\RPCRT4.dll
0x73d50000 - 0x73d70000 	C:\WINDOWS\System32\SspiCli.dll
0x73d40000 - 0x73d4a000 	C:\WINDOWS\System32\CRYPTBASE.dll
0x74000000 - 0x74058000 	C:\WINDOWS\System32\bcryptPrimitives.dll
0x74a20000 - 0x74bad000 	C:\WINDOWS\System32\USER32.dll
0x751c0000 - 0x751d7000 	C:\WINDOWS\System32\win32u.dll
0x76e20000 - 0x76e42000 	C:\WINDOWS\System32\GDI32.dll
0x73d70000 - 0x73ed4000 	C:\WINDOWS\System32\gdi32full.dll
0x76e50000 - 0x76ecd000 	C:\WINDOWS\System32\msvcp_win.dll
0x748f0000 - 0x74a0d000 	C:\WINDOWS\System32\ucrtbase.dll
0x71cf0000 - 0x71ef4000 	C:\WINDOWS\WinSxS\x86_microsoft.windows.common-controls_6595b64144ccf1df_6.0.17134.829_none_42f3dc1e44dde2db\COMCTL32.dll
0x74e90000 - 0x750ec000 	C:\WINDOWS\System32\combase.dll
0x74c00000 - 0x74c26000 	C:\WINDOWS\System32\IMM32.DLL
0x52ad0000 - 0x52b8f000 	C:\Program Files (x86)\Java\jre1.8.0_201\bin\msvcr100.dll
0x5b900000 - 0x5bcd5000 	C:\Program Files (x86)\Java\jre1.8.0_201\bin\client\jvm.dll
0x74060000 - 0x74066000 	C:\WINDOWS\System32\PSAPI.DLL
0x714a0000 - 0x714a8000 	C:\WINDOWS\SYSTEM32\WSOCK32.dll
0x73c70000 - 0x73c78000 	C:\WINDOWS\SYSTEM32\VERSION.dll
0x747a0000 - 0x74807000 	C:\WINDOWS\System32\WS2_32.dll
0x73870000 - 0x73894000 	C:\WINDOWS\SYSTEM32\WINMM.dll
0x72f70000 - 0x72f93000 	C:\WINDOWS\SYSTEM32\winmmbase.dll
0x745f0000 - 0x74629000 	C:\WINDOWS\System32\cfgmgr32.dll
0x5c570000 - 0x5c57c000 	C:\Program Files (x86)\Java\jre1.8.0_201\bin\verify.dll
0x5b810000 - 0x5b831000 	C:\Program Files (x86)\Java\jre1.8.0_201\bin\java.dll
0x5b7f0000 - 0x5b804000 	C:\Program Files (x86)\Java\jre1.8.0_201\bin\zip.dll
0x751e0000 - 0x7652a000 	C:\WINDOWS\System32\SHELL32.dll
0x74810000 - 0x74898000 	C:\WINDOWS\System32\shcore.dll
0x767e0000 - 0x76d9a000 	C:\WINDOWS\System32\windows.storage.dll
0x75170000 - 0x751b5000 	C:\WINDOWS\System32\shlwapi.dll
0x767d0000 - 0x767df000 	C:\WINDOWS\System32\kernel.appcore.dll
0x76e00000 - 0x76e18000 	C:\WINDOWS\System32\profapi.dll
0x74bb0000 - 0x74bf5000 	C:\WINDOWS\System32\powrprof.dll
0x76530000 - 0x76538000 	C:\WINDOWS\System32\FLTLIB.DLL
0x52840000 - 0x52ac6000 	C:\Users\kylem\Documents\StarCraftAI\Vlasile\bwapi_bridge2_5.dll
0x58e80000 - 0x58ef1000 	C:\WINDOWS\SYSTEM32\MSVCP120.dll
0x735e0000 - 0x736ce000 	C:\WINDOWS\SYSTEM32\MSVCR120.dll
0x6acc0000 - 0x6ad27000 	C:\Users\kylem\Documents\StarCraftAI\Vlasile\libgmp-10.dll
0x6f540000 - 0x6f59e000 	C:\Users\kylem\Documents\StarCraftAI\Vlasile\libmpfr-4.dll
0x6e8b0000 - 0x6ea32000 	C:\WINDOWS\SYSTEM32\dbghelp.dll

VM Arguments:
jvm_args: -Dfile.encoding=Cp1252 
java_command: vlasile.Main
java_class_path (initial): C:\Users\kylem\Documents\StarCraftAI\Vlasile\out\production\Vlasile;C:\Users\kylem\Documents\StarCraftAI\Vlasile\lib\bwmirror_v2_5.jar
Launcher Type: SUN_STANDARD

Environment Variables:
JAVA_HOME=C:\Program Files (x86)\Java\jdk1.8.0_201
PATH=C:/Program Files (x86)/Java/jre1.8.0_201/bin/client;C:/Program Files (x86)/Java/jre1.8.0_201/bin;C:/Program Files (x86)/Java/jre1.8.0_201/lib/i386;C:\Program Files (x86)\Common Files\Oracle\Java\javapath;C:\Program Files (x86)\Intel\Intel(R) Management Engine Components\iCLS\;C:\Program Files\Intel\Intel(R) Management Engine Components\iCLS\;C:\Windows\system32;C:\Windows;C:\Windows\System32\Wbem;C:\Windows\System32\WindowsPowerShell\v1.0\;C:\Program Files (x86)\NVIDIA Corporation\PhysX\Common;C:\Program Files (x86)\Intel\Intel(R) Management Engine Components\DAL;C:\Program Files\Intel\Intel(R) Management Engine Components\DAL;C:\Program Files (x86)\Intel\Intel(R) Management Engine Components\IPT;C:\Program Files\Intel\Intel(R) Management Engine Components\IPT;C:\Program Files\Git\cmd;C:\Program Files\nodejs\;%SystemRoot%\system32;%SystemRoot%;%SystemRoot%\System32\Wbem;%SYSTEMROOT%\System32\WindowsPowerShell\v1.0\;%SYSTEMROOT%\System32\OpenSSH\;C:\Users\kylem\AppData\Local\Programs\Python\Python36\Scripts\;C:\Users\kylem\AppData\Local\Programs\Python\Python36\;C:\Program Files (x86)\Java\apache-maven-3.6.1\bin;C:\Program Files (x86)\Java\jre1.8.0_201\bin;C:\Users\kylem\AppData\Local\Programs\Microsoft VS Code\bin;C:\Users\kylem\AppData\Roaming\npm;C:\Users\kylem\AppData\Local\Microsoft\WindowsApps;C:\Program Files\MySQL\MySQL Server 8.0\bin;;C:\sts-3.9.8.RELEASE;
USERNAME=kylem
OS=Windows_NT
PROCESSOR_IDENTIFIER=Intel64 Family 6 Model 142 Stepping 10, GenuineIntel



---------------  S Y S T E M  ---------------

OS: Windows 10.0 , 64 bit Build 17134 (10.0.17134.753)

CPU:total 8 (initial active 8) (4 cores per cpu, 2 threads per core) family 6 model 142 stepping 10, cmov, cx8, fxsr, mmx, sse, sse2, sse3, ssse3, sse4.1, sse4.2, popcnt, avx, avx2, aes, clmul, erms, 3dnowpref, lzcnt, ht, tsc, tscinvbit, bmi1, bmi2, adx

Memory: 4k page, physical 8268364k(2701472k free), swap 15608396k(6999960k free)

vm_info: Java HotSpot(TM) Client VM (25.201-b09) for windows-x86 JRE (1.8.0_201-b09), built on Dec 16 2018 00:13:48 by "java_re" with MS VC++ 10.0 (VS2010)

time: Wed Jun 26 12:48:56 2019
timezone: Pacific Daylight Time
elapsed time: 137 seconds (0d 0h 2m 17s)

